<?xml version="1.0" encoding="UTF-8"?>
<!-- Generated by org.testng.reporters.JUnitReportReporter -->
<testsuite hostname="IN-26RY9K3" failures="0" tests="1" name="com.TestRunner.TestRunner" time="24.105" errors="0" timestamp="2024-11-14T10:25:38 IST" skipped="0">
  <testcase classname="com.TestRunner.TestRunner" name="runScenario" time="24.105"/>
  <system-out/>
</testsuite> <!-- com.TestRunner.TestRunner -->
